<?xml version="1.0" encoding="UTF-8"?>
<testng-results ignored="0" total="2" passed="2" failed="0" skipped="0">
  <reporter-output>
  </reporter-output>
  <suite started-at="2026-08-11T18:14:34 IST" name="Default suite" finished-at="2026-08-11T18:14:37 IST" duration-ms="3251">
    <groups>
    </groups>
    <test started-at="2026-08-11T18:14:34 IST" name="Default test" finished-at="2026-08-11T18:14:37 IST" duration-ms="3251">
      <class name="libraryAPI.AddBook">
        <test-method signature="addingBook(java.lang.String,java.lang.String)[pri:0, instance:libraryAPI.AddBook@a1153bc]" started-at="2026-08-11T18:14:34 IST" name="addingBook" data-provider="bookdata" finished-at="2026-08-11T18:14:37 IST" duration-ms="3027" status="PASS">
          <params>
            <param index="0">
              <value>
                <![CDATA[car]]>
              </value>
            </param>
            <param index="1">
              <value>
                <![CDATA[12223]]>
              </value>
            </param>
          </params>
          <reporter-output>
          </reporter-output>
        </test-method> <!-- addingBook -->
        <test-method signature="addingBook(java.lang.String,java.lang.String)[pri:0, instance:libraryAPI.AddBook@a1153bc]" started-at="2026-08-11T18:14:37 IST" name="addingBook" data-provider="bookdata" finished-at="2026-08-11T18:14:37 IST" duration-ms="157" status="PASS">
          <params>
            <param index="0">
              <value>
                <![CDATA[truck]]>
              </value>
            </param>
            <param index="1">
              <value>
                <![CDATA[78788]]>
              </value>
            </param>
          </params>
          <reporter-output>
          </reporter-output>
        </test-method> <!-- addingBook -->
      </class> <!-- libraryAPI.AddBook -->
    </test> <!-- Default test -->
  </suite> <!-- Default suite -->
</testng-results>
